<?xml version="1.0" encoding="UTF-8"?>
<coverage generated="1759935367920" clover="3.2.0">
  <project timestamp="1759935367920" name="All files">
    <metrics statements="43" coveredstatements="8" conditionals="10" coveredconditionals="3" methods="16" coveredmethods="4" elements="69" coveredelements="15" complexity="0" loc="43" ncloc="43" packages="4" files="11" classes="11"/>
    <package name="src">
      <metrics statements="14" coveredstatements="0" conditionals="0" coveredconditionals="0" methods="5" coveredmethods="0"/>
      <file name="App.jsx" path="C:\Users\mathy\Documents\but sd\Année 3\dev log\marvel-app\src\App.jsx">
        <metrics statements="1" coveredstatements="0" conditionals="0" coveredconditionals="0" methods="1" coveredmethods="0"/>
        <line num="7" count="0" type="stmt"/>
      </file>
      <file name="main.jsx" path="C:\Users\mathy\Documents\but sd\Année 3\dev log\marvel-app\src\main.jsx">
        <metrics statements="1" coveredstatements="0" conditionals="0" coveredconditionals="0" methods="0" coveredmethods="0"/>
        <line num="6" count="0" type="stmt"/>
      </file>
      <file name="script.js" path="C:\Users\mathy\Documents\but sd\Année 3\dev log\marvel-app\src\script.js">
        <metrics statements="12" coveredstatements="0" conditionals="0" coveredconditionals="0" methods="4" coveredmethods="0"/>
        <line num="1" count="0" type="stmt"/>
        <line num="8" count="0" type="stmt"/>
        <line num="9" count="0" type="stmt"/>
        <line num="10" count="0" type="stmt"/>
        <line num="11" count="0" type="stmt"/>
        <line num="16" count="0" type="stmt"/>
        <line num="18" count="0" type="stmt"/>
        <line num="21" count="0" type="stmt"/>
        <line num="24" count="0" type="stmt"/>
        <line num="25" count="0" type="stmt"/>
        <line num="26" count="0" type="stmt"/>
        <line num="27" count="0" type="stmt"/>
      </file>
    </package>
    <package name="src.api">
      <metrics statements="7" coveredstatements="0" conditionals="2" coveredconditionals="0" methods="3" coveredmethods="0"/>
      <file name="characters-api.js" path="C:\Users\mathy\Documents\but sd\Année 3\dev log\marvel-app\src\api\characters-api.js">
        <metrics statements="7" coveredstatements="0" conditionals="2" coveredconditionals="0" methods="3" coveredmethods="0"/>
        <line num="9" count="0" type="stmt"/>
        <line num="10" count="0" type="stmt"/>
        <line num="18" count="0" type="stmt"/>
        <line num="19" count="0" type="stmt"/>
        <line num="20" count="0" type="cond" truecount="0" falsecount="2"/>
        <line num="21" count="0" type="stmt"/>
        <line num="23" count="0" type="stmt"/>
      </file>
    </package>
    <package name="src.components">
      <metrics statements="5" coveredstatements="4" conditionals="8" coveredconditionals="3" methods="3" coveredmethods="3"/>
      <file name="CharactersList.jsx" path="C:\Users\mathy\Documents\but sd\Année 3\dev log\marvel-app\src\components\CharactersList.jsx">
        <metrics statements="2" coveredstatements="2" conditionals="1" coveredconditionals="0" methods="2" coveredmethods="2"/>
        <line num="2" count="1" type="stmt"/>
        <line num="5" count="2" type="stmt"/>
      </file>
      <file name="NumberOfCharacters.jsx" path="C:\Users\mathy\Documents\but sd\Année 3\dev log\marvel-app\src\components\NumberOfCharacters.jsx">
        <metrics statements="3" coveredstatements="2" conditionals="7" coveredconditionals="3" methods="1" coveredmethods="1"/>
        <line num="10" count="1" type="cond" truecount="1" falsecount="1"/>
        <line num="11" count="0" type="stmt"/>
        <line num="15" count="1" type="stmt"/>
      </file>
    </package>
    <package name="src.pages">
      <metrics statements="17" coveredstatements="4" conditionals="0" coveredconditionals="0" methods="5" coveredmethods="1"/>
      <file name="AboutPage.jsx" path="C:\Users\mathy\Documents\but sd\Année 3\dev log\marvel-app\src\pages\AboutPage.jsx">
        <metrics statements="3" coveredstatements="0" conditionals="0" coveredconditionals="0" methods="1" coveredmethods="0"/>
        <line num="1" count="0" type="stmt"/>
        <line num="3" count="0" type="stmt"/>
        <line num="5" count="0" type="stmt"/>
      </file>
      <file name="CharacterDetailPage.jsx" path="C:\Users\mathy\Documents\but sd\Année 3\dev log\marvel-app\src\pages\CharacterDetailPage.jsx">
        <metrics statements="4" coveredstatements="0" conditionals="0" coveredconditionals="0" methods="1" coveredmethods="0"/>
        <line num="6" count="0" type="stmt"/>
        <line num="8" count="0" type="stmt"/>
        <line num="11" count="0" type="stmt"/>
        <line num="14" count="0" type="stmt"/>
      </file>
      <file name="CharactersPage.jsx" path="C:\Users\mathy\Documents\but sd\Année 3\dev log\marvel-app\src\pages\CharactersPage.jsx">
        <metrics statements="4" coveredstatements="4" conditionals="0" coveredconditionals="0" methods="1" coveredmethods="1"/>
        <line num="5" count="1" type="stmt"/>
        <line num="7" count="1" type="stmt"/>
        <line num="10" count="1" type="stmt"/>
        <line num="12" count="1" type="stmt"/>
      </file>
      <file name="ContactPage.jsx" path="C:\Users\mathy\Documents\but sd\Année 3\dev log\marvel-app\src\pages\ContactPage.jsx">
        <metrics statements="3" coveredstatements="0" conditionals="0" coveredconditionals="0" methods="1" coveredmethods="0"/>
        <line num="1" count="0" type="stmt"/>
        <line num="3" count="0" type="stmt"/>
        <line num="5" count="0" type="stmt"/>
      </file>
      <file name="NotFoundPage.jsx" path="C:\Users\mathy\Documents\but sd\Année 3\dev log\marvel-app\src\pages\NotFoundPage.jsx">
        <metrics statements="3" coveredstatements="0" conditionals="0" coveredconditionals="0" methods="1" coveredmethods="0"/>
        <line num="1" count="0" type="stmt"/>
        <line num="3" count="0" type="stmt"/>
        <line num="5" count="0" type="stmt"/>
      </file>
    </package>
  </project>
</coverage>
