<?xml version="1.0" encoding="UTF-8"?>
<coverage generated="1759850178541" clover="3.2.0">
  <project timestamp="1759850178542" name="All files">
    <metrics statements="7" coveredstatements="4" conditionals="2" coveredconditionals="0" methods="3" coveredmethods="3" elements="12" coveredelements="7" complexity="0" loc="7" ncloc="7" packages="1" files="1" classes="1"/>
    <file name="characters-api.js" path="C:\Users\mathy\Documents\but sd\Année 3\dev log\marvel-app\src\api\characters-api.js">
      <metrics statements="7" coveredstatements="4" conditionals="2" coveredconditionals="0" methods="3" coveredmethods="3"/>
      <line num="9" count="1" type="stmt"/>
      <line num="10" count="1" type="stmt"/>
      <line num="18" count="1" type="stmt"/>
      <line num="19" count="4" type="stmt"/>
      <line num="20" count="0" type="cond" truecount="0" falsecount="2"/>
      <line num="21" count="0" type="stmt"/>
      <line num="23" count="0" type="stmt"/>
    </file>
  </project>
</coverage>
